c:\users\elakiya\desktop\leach\32bit\code\dsr\debug\vc140.pdb
c:\users\elakiya\desktop\leach\32bit\code\dsr\debug\vc140.idb
c:\users\elakiya\desktop\leach\32bit\code\dsr\debug\checkroutefound.obj
c:\users\elakiya\desktop\leach\32bit\code\dsr\debug\dsr.obj
c:\users\elakiya\desktop\leach\32bit\code\dsr\debug\leach.obj
c:\users\elakiya\desktop\leach\32bit\code\dsr\debug\maintbuffer.obj
c:\users\elakiya\desktop\leach\32bit\code\dsr\debug\network_layer_ack.obj
c:\users\elakiya\desktop\leach\32bit\code\dsr\debug\packetprocessing.obj
c:\users\elakiya\desktop\leach\32bit\code\dsr\debug\routecache.obj
c:\users\elakiya\desktop\leach\32bit\code\dsr\debug\routeerror.obj
c:\users\elakiya\desktop\leach\32bit\code\dsr\debug\routereply.obj
c:\users\elakiya\desktop\leach\32bit\code\dsr\debug\routerequest.obj
c:\users\elakiya\desktop\leach\32bit\code\dsr\debug\sendbuffer.obj
c:\users\elakiya\desktop\leach\32bit\code\dsr\debug\sourceroute.obj
c:\users\elakiya\desktop\leach\32bit\code\dll\dsr.lib
c:\users\elakiya\desktop\leach\32bit\code\dll\dsr.exp
c:\users\elakiya\desktop\leach\32bit\code\dll\libdsr.dll
c:\users\elakiya\desktop\leach\32bit\code\dll\dsr.pdb
e:\final_projects_v10.2\leach\32bit\code\dsr\debug\checkroutefound.obj
e:\final_projects_v10.2\leach\32bit\code\dsr\debug\dsr.obj
e:\final_projects_v10.2\leach\32bit\code\dsr\debug\leach.obj
e:\final_projects_v10.2\leach\32bit\code\dsr\debug\maintbuffer.obj
e:\final_projects_v10.2\leach\32bit\code\dsr\debug\network_layer_ack.obj
e:\final_projects_v10.2\leach\32bit\code\dsr\debug\packetprocessing.obj
e:\final_projects_v10.2\leach\32bit\code\dsr\debug\routecache.obj
e:\final_projects_v10.2\leach\32bit\code\dsr\debug\routeerror.obj
e:\final_projects_v10.2\leach\32bit\code\dsr\debug\routereply.obj
e:\final_projects_v10.2\leach\32bit\code\dsr\debug\routerequest.obj
e:\final_projects_v10.2\leach\32bit\code\dsr\debug\sendbuffer.obj
e:\final_projects_v10.2\leach\32bit\code\dsr\debug\sourceroute.obj
e:\final_projects_v10.2\leach\32bit\code\dsr\debug\vc140.idb
e:\final_projects_v10.2\leach\32bit\code\dsr\debug\vc140.pdb
e:\final_projects_v10.2\leach\32bit\code\dsr\debug\dsr.tlog\cl.command.1.tlog
e:\final_projects_v10.2\leach\32bit\code\dsr\debug\dsr.tlog\cl.read.1.tlog
e:\final_projects_v10.2\leach\32bit\code\dsr\debug\dsr.tlog\cl.write.1.tlog
e:\final_projects_v10.2\leach\32bit\code\dsr\debug\dsr.tlog\dsr.write.1u.tlog
e:\final_projects_v10.2\leach\32bit\code\dsr\debug\dsr.tlog\link.command.1.tlog
e:\final_projects_v10.2\leach\32bit\code\dsr\debug\dsr.tlog\link.read.1.tlog
e:\final_projects_v10.2\leach\32bit\code\dsr\debug\dsr.tlog\link.write.1.tlog
