C:\Program Files (x86)\MSBuild\Microsoft.Cpp\v4.0\V140\Microsoft.CppBuild.targets(368,5): warning MSB8004: Output Directory does not end with a trailing slash.  This build instance will add the slash as it is required to allow proper evaluation of the Output Directory.
  SourceRoute.c
e:\final_projects_v10.2\leach\32bit\code\dsr\sourceroute.c(68): warning C4013: 'fn_NetSim_LEACH_CheckDestination' undefined; assuming extern returning int
  SendBuffer.c
  RouteRequest.c
  RouteReply.c
  RouteError.c
  RouteCache.c
  PacketProcessing.c
e:\final_projects_v10.2\leach\32bit\code\dsr\packetprocessing.c(40): warning C4013: 'fn_NetSim_LEACH_GetNextHop' undefined; assuming extern returning int
  Network_Layer_Ack.c
  MaintBuffer.c
  LEACH.c
e:\final_projects_v10.2\leach\32bit\code\dsr\leach.c(43): warning C4010: single-line comment contains line-continuation character
e:\final_projects_v10.2\leach\32bit\code\dsr\leach.c(44): warning C4010: single-line comment contains line-continuation character
e:\final_projects_v10.2\leach\32bit\code\dsr\leach.c(45): warning C4010: single-line comment contains line-continuation character
e:\final_projects_v10.2\leach\32bit\code\dsr\leach.c(120): warning C4013: 'fn_NetSim_LEACH_IdentifyCluster' undefined; assuming extern returning int
e:\final_projects_v10.2\leach\32bit\code\dsr\leach.c(84): warning C4101: 'i': unreferenced local variable
e:\final_projects_v10.2\leach\32bit\code\dsr\leach.c(76): warning C4101: 'nInterface': unreferenced local variable
  DSR.c
e:\final_projects_v10.2\leach\32bit\code\dsr\dsr.c(236): warning C4018: '<': signed/unsigned mismatch
  CheckRouteFound.c
  Generating Code...
e:\final_projects_v10.2\leach\32bit\code\dsr\leach.c(183): warning C4715: 'fn_NetSim_LEACH_IdentifyCluster': not all control paths return a value
C:\Program Files (x86)\MSBuild\Microsoft.Cpp\v4.0\V140\Microsoft.CppBuild.targets(1189,5): warning MSB8012: TargetPath(E:\Final_Projects_v10.2\LEACH\32bit\Code\DSR\..\Dll\DSR.dll) does not match the Linker's OutputFile property value (E:\Final_Projects_v10.2\LEACH\32bit\Code\Dll\libDSR.dll). This may cause your project to build incorrectly. To correct this, please make sure that $(OutDir), $(TargetName) and $(TargetExt) property values match the value specified in %(Link.OutputFile).
C:\Program Files (x86)\MSBuild\Microsoft.Cpp\v4.0\V140\Microsoft.CppBuild.targets(1191,5): warning MSB8012: TargetName(DSR) does not match the Linker's OutputFile property value (libDSR). This may cause your project to build incorrectly. To correct this, please make sure that $(OutDir), $(TargetName) and $(TargetExt) property values match the value specified in %(Link.OutputFile).
CheckRouteFound.obj : warning LNK4075: ignoring '/EDITANDCONTINUE' due to '/OPT:LBR' specification
  List.lib(List.obj) : MSIL .netmodule or module compiled with /GL found; restarting link with /LTCG; add /LTCG to the link command line to improve linker performance
CheckRouteFound.obj : warning LNK4075: ignoring '/EDITANDCONTINUE' due to '/OPT:LBR' specification
     Creating library ..\Dll\DSR.lib and object ..\Dll\DSR.exp
LINK : warning LNK4098: defaultlib 'MSVCRT' conflicts with use of other libs; use /NODEFAULTLIB:library
  Generating code
  Finished generating code
List.lib(List.obj) : warning LNK4099: PDB 'List.pdb' was not found with 'List.lib(List.obj)' or at 'E:\Final_Projects_v10.2\LEACH\32bit\Code\Dll\List.pdb'; linking object as if no debug info
DSR.lib(DSR.obj) : warning LNK4099: PDB 'DSRLib.pdb' was not found with 'DSR.lib(DSR.obj)' or at 'E:\Final_Projects_v10.2\LEACH\32bit\Code\Dll\DSRLib.pdb'; linking object as if no debug info
DSR.lib(LinkLayerAck.obj) : warning LNK4099: PDB 'DSRLib.pdb' was not found with 'DSR.lib(LinkLayerAck.obj)' or at 'E:\Final_Projects_v10.2\LEACH\32bit\Code\Dll\DSRLib.pdb'; linking object as if no debug info
  DSR.vcxproj -> E:\Final_Projects_v10.2\LEACH\32bit\Code\DSR\..\Dll\DSR.dll
  DSR.vcxproj -> ..\Dll\DSR.pdb (Full PDB)
