e:\final_projects_v10.2\leach\64bit\code\dsr\x64\debug\vc140.pdb
e:\final_projects_v10.2\leach\64bit\code\dsr\x64\debug\vc140.idb
e:\final_projects_v10.2\leach\64bit\code\dsr\x64\debug\checkroutefound.obj
e:\final_projects_v10.2\leach\64bit\code\dsr\x64\debug\dsr.obj
e:\final_projects_v10.2\leach\64bit\code\dsr\x64\debug\leach.obj
e:\final_projects_v10.2\leach\64bit\code\dsr\x64\debug\maintbuffer.obj
e:\final_projects_v10.2\leach\64bit\code\dsr\x64\debug\network_layer_ack.obj
e:\final_projects_v10.2\leach\64bit\code\dsr\x64\debug\packetprocessing.obj
e:\final_projects_v10.2\leach\64bit\code\dsr\x64\debug\routecache.obj
e:\final_projects_v10.2\leach\64bit\code\dsr\x64\debug\routeerror.obj
e:\final_projects_v10.2\leach\64bit\code\dsr\x64\debug\routereply.obj
e:\final_projects_v10.2\leach\64bit\code\dsr\x64\debug\routerequest.obj
e:\final_projects_v10.2\leach\64bit\code\dsr\x64\debug\sendbuffer.obj
e:\final_projects_v10.2\leach\64bit\code\dsr\x64\debug\sourceroute.obj
e:\final_projects_v10.2\leach\64bit\code\dll\dsr.lib
e:\final_projects_v10.2\leach\64bit\code\dll\dsr.exp
e:\final_projects_v10.2\leach\64bit\code\dll\libdsr.dll
e:\final_projects_v10.2\leach\64bit\code\dll\dsr.pdb
e:\final_projects_v10.2\leach\64bit\code\dsr\x64\debug\dsr.tlog\cl.command.1.tlog
e:\final_projects_v10.2\leach\64bit\code\dsr\x64\debug\dsr.tlog\cl.read.1.tlog
e:\final_projects_v10.2\leach\64bit\code\dsr\x64\debug\dsr.tlog\cl.write.1.tlog
e:\final_projects_v10.2\leach\64bit\code\dsr\x64\debug\dsr.tlog\dsr.write.1u.tlog
e:\final_projects_v10.2\leach\64bit\code\dsr\x64\debug\dsr.tlog\link.command.1.tlog
e:\final_projects_v10.2\leach\64bit\code\dsr\x64\debug\dsr.tlog\link.read.1.tlog
e:\final_projects_v10.2\leach\64bit\code\dsr\x64\debug\dsr.tlog\link.write.1.tlog
